[debug] [2022-11-17T06:42:45.228Z] ----------------------------------------------------------------------
[debug] [2022-11-17T06:42:45.231Z] Command:       C:\Program Files\nodejs\node.exe C:\Users\Admin\AppData\Roaming\npm\node_modules\firebase-tools\lib\bin\firebase.js init
[debug] [2022-11-17T06:42:45.231Z] CLI Version:   11.16.1
[debug] [2022-11-17T06:42:45.232Z] Platform:      win32
[debug] [2022-11-17T06:42:45.232Z] Node Version:  v16.15.1
[debug] [2022-11-17T06:42:45.233Z] Time:          Thu Nov 17 2022 12:12:45 GMT+0530 (India Standard Time)
[debug] [2022-11-17T06:42:45.233Z] ----------------------------------------------------------------------
[debug] 
[debug] [2022-11-17T06:42:45.326Z] > command requires scopes: ["email","openid","https://www.googleapis.com/auth/cloudplatformprojects.readonly","https://www.googleapis.com/auth/firebase","https://www.googleapis.com/auth/cloud-platform"]
[debug] [2022-11-17T06:42:45.326Z] > authorizing via signed-in user (gcvrapp@gmail.com)
[info] 
     ######## #### ########  ######## ########     ###     ######  ########
     ##        ##  ##     ## ##       ##     ##  ##   ##  ##       ##
     ######    ##  ########  ######   ########  #########  ######  ######
     ##        ##  ##    ##  ##       ##     ## ##     ##       ## ##
     ##       #### ##     ## ######## ########  ##     ##  ######  ########

You're about to initialize a Firebase project in this directory:

  D:\Main Project\1

Before we get started, keep in mind:

  * You are initializing within an existing Firebase project directory

